FDTD Solutions Version 8.15.736 (Linux 64bit)
 expires (month/day/year): 1/1/2025
using config file: /home/tzh/.config/Lumerical/FDTD Solutions.ini
license host: localhost
current time: Sat Jan  4 02:36:58 2020
Running on host: heren
All processes are communicating and ready to proceed to simulation...
Running fsp file: /opt/lumerical/fdtd/bin/fdtd-engine-mpich2nem -remote /home/tzh/simulations/fdtd/Pur_Augoal_sweep/sweep_13.fsp
number of processors is 32
processors are distributed as: 4x2x4
Running 3D Simulation
Starting meshing
Simulation size in gridpoints: 63 x 111 x 56
Refined 209 mesh cells (0.0533697%)
Completed meshing!
Meshing complete in 0.169215 seconds of CPU time
Starting meshing
Simulation size in gridpoints: 63 x 111 x 56
Refined 186 mesh cells (0.0474965%)
Completed meshing!
Meshing complete in 0.128593 seconds of CPU time
Starting meshing
Simulation size in gridpoints: 63 x 111 x 56
Refined 214 mesh cells (0.0546465%)
Completed meshing!
Meshing complete in 0.136451 seconds of CPU time
finished material properties
Using selected optimization level: 2
Selecting 3d kernel for splitFieldDirection=0 and optLevel=2
-----------------------------------------
Beginning initialization of 3D Simulation
Starting to add sources to simulation
Adding 3D point Source
Starting to add boundary conditions to simulation
Adding 3D PML BC
Adding 3D Parallel BC
Adding 3D PML BC
Adding 3D Parallel BC
Adding 3D PML BC
Adding 3D Parallel BC
Starting to add monitors to Simulation
Adding analysis monitor
Adding analysis monitor
Adding 3D DFT monitor
Adding 3D DFT monitor
Adding 3D DFT monitor
Adding 3D DFT monitor
Adding 3D DFT monitor
Adding 3D DFT monitor
Adding 3D index monitor
Finished initialization of 3D Simulation
-----------------------------------------
All processes are communicating and ready to proceed to simulation...
Starting 524501 total iterations
0% complete. Max time remaining: 12 hrs, 34 mins, 25 secs. Auto Shutoff: 1
1% complete. Max time remaining: 12 hrs, 53 mins, 12 secs. Auto Shutoff: 1
2% complete. Max time remaining: 12 hrs, 43 mins, 60 secs. Auto Shutoff: 1
Early termination of simulation, the autoshutoff criteria are satisfied.
Completed 15423 iterations, or 2.940510e-14s of Simulation Time
Process 0 starting to collect data
    collecting monitor data
    collecting source data
Finished collecting data
Simulation completed successfully at: Sat Jan  4 02:59:57 2020
Overall wall time measurements in seconds:
    time to mesh and initialize: 3
    time to run FDTD simulation: 1376
    time to finalize data and save to files: 0
    FDTD solver speed: 4.38937 Mnodes/s
    total FDTD solver speed on 32 processes: 140.46 Mnodes/s
